<?xml version="1.0" encoding="UTF-8"?>
<!-- Generated by org.testng.reporters.JUnitReportReporter -->
<testsuite hostname="LAPTOP-CTGR88I4" failures="0" tests="1" name="com.ecom.tests.SeleniumTestNGjankins.ApplicationTest" time="9.554" errors="0" timestamp="2020-12-02T15:57:13 IST" skipped="0">
  <testcase classname="com.ecom.tests.SeleniumTestNGjankins.ApplicationTest" name="testEasy" time="9.554"/>
  <system-out/>
</testsuite> <!-- com.ecom.tests.SeleniumTestNGjankins.ApplicationTest -->
