<?xml version="1.0" encoding="UTF-8"?>
<!-- Generated by org.testng.reporters.JUnitReportReporter -->
<testsuite hostname="LAPTOP-CTGR88I4" failures="0" tests="1" name="com.ecom.tests.SeleniumTestNGjankins.ApplicationTest" time="8.573" errors="0" timestamp="2020-12-03T17:35:19 IST" skipped="0">
  <testcase classname="com.ecom.tests.SeleniumTestNGjankins.ApplicationTest" name="testEasy" time="8.573"/>
  <system-out/>
</testsuite> <!-- com.ecom.tests.SeleniumTestNGjankins.ApplicationTest -->
